[2024-06-15 22:42:37] local.ERROR: Database file at path [/home/grupo05sc/instituto/database/database.sqlite] does not exist. Ensure this is an absolute path to the database. (Connection: sqlite, SQL: select * from "sessions" where "id" = 7f4IvBDts7l3GXr5vz6WBqyjCpOruiqfkpuJKG5E limit 1) {"exception":"[object] (Illuminate\\Database\\QueryException(code: 0): Database file at path [/home/grupo05sc/instituto/database/database.sqlite] does not exist. Ensure this is an absolute path to the database. (Connection: sqlite, SQL: select * from \"sessions\" where \"id\" = 7f4IvBDts7l3GXr5vz6WBqyjCpOruiqfkpuJKG5E limit 1) at /home/grupo05sc/instituto/vendor/laravel/framework/src/Illuminate/Database/Connection.php:813)
[stacktrace]
#0 /home/grupo05sc/instituto/vendor/laravel/framework/src/Illuminate/Database/Connection.php(767): Illuminate\\Database\\Connection->runQueryCallback()
#1 /home/grupo05sc/instituto/vendor/laravel/framework/src/Illuminate/Database/Connection.php(398): Illuminate\\Database\\Connection->run()
#2 /home/grupo05sc/instituto/vendor/laravel/framework/src/Illuminate/Database/Query/Builder.php(2993): Illuminate\\Database\\Connection->select()
#3 /home/grupo05sc/instituto/vendor/laravel/framework/src/Illuminate/Database/Query/Builder.php(2978): Illuminate\\Database\\Query\\Builder->runSelect()
#4 /home/grupo05sc/instituto/vendor/laravel/framework/src/Illuminate/Database/Query/Builder.php(3566): Illuminate\\Database\\Query\\Builder->Illuminate\\Database\\Query\\{closure}()
#5 /home/grupo05sc/instituto/vendor/laravel/framework/src/Illuminate/Database/Query/Builder.php(2977): Illuminate\\Database\\Query\\Builder->onceWithColumns()
#6 /home/grupo05sc/instituto/vendor/laravel/framework/src/Illuminate/Database/Concerns/BuildsQueries.php(335): Illuminate\\Database\\Query\\Builder->get()
#7 /home/grupo05sc/instituto/vendor/laravel/framework/src/Illuminate/Database/Query/Builder.php(2900): Illuminate\\Database\\Query\\Builder->first()
#8 /home/grupo05sc/instituto/vendor/laravel/framework/src/Illuminate/Session/DatabaseSessionHandler.php(97): Illuminate\\Database\\Query\\Builder->find()
#9 /home/grupo05sc/instituto/vendor/laravel/framework/src/Illuminate/Session/Store.php(113): Illuminate\\Session\\DatabaseSessionHandler->read()
#10 /home/grupo05sc/instituto/vendor/laravel/framework/src/Illuminate/Session/Store.php(101): Illuminate\\Session\\Store->readFromHandler()
#11 /home/grupo05sc/instituto/vendor/laravel/framework/src/Illuminate/Session/Store.php(85): Illuminate\\Session\\Store->loadSession()
#12 /home/grupo05sc/instituto/vendor/laravel/framework/src/Illuminate/Session/Middleware/StartSession.php(147): Illuminate\\Session\\Store->start()
#13 /home/grupo05sc/instituto/vendor/laravel/framework/src/Illuminate/Support/helpers.php(363): Illuminate\\Session\\Middleware\\StartSession->Illuminate\\Session\\Middleware\\{closure}()
#14 /home/grupo05sc/instituto/vendor/laravel/framework/src/Illuminate/Session/Middleware/StartSession.php(144): tap()
#15 /home/grupo05sc/instituto/vendor/laravel/framework/src/Illuminate/Session/Middleware/StartSession.php(116): Illuminate\\Session\\Middleware\\StartSession->startSession()
#16 /home/grupo05sc/instituto/vendor/laravel/framework/src/Illuminate/Session/Middleware/StartSession.php(64): Illuminate\\Session\\Middleware\\StartSession->handleStatefulRequest()
#17 /home/grupo05sc/instituto/vendor/laravel/framework/src/Illuminate/Pipeline/Pipeline.php(183): Illuminate\\Session\\Middleware\\StartSession->handle()
#18 /home/grupo05sc/instituto/vendor/laravel/framework/src/Illuminate/Cookie/Middleware/AddQueuedCookiesToResponse.php(37): Illuminate\\Pipeline\\Pipeline->Illuminate\\Pipeline\\{closure}()
#19 /home/grupo05sc/instituto/vendor/laravel/framework/src/Illuminate/Pipeline/Pipeline.php(183): Illuminate\\Cookie\\Middleware\\AddQueuedCookiesToResponse->handle()
#20 /home/grupo05sc/instituto/vendor/laravel/framework/src/Illuminate/Cookie/Middleware/EncryptCookies.php(75): Illuminate\\Pipeline\\Pipeline->Illuminate\\Pipeline\\{closure}()
#21 /home/grupo05sc/instituto/vendor/laravel/framework/src/Illuminate/Pipeline/Pipeline.php(183): Illuminate\\Cookie\\Middleware\\EncryptCookies->handle()
#22 /home/grupo05sc/instituto/vendor/laravel/framework/src/Illuminate/Pipeline/Pipeline.php(119): Illuminate\\Pipeline\\Pipeline->Illuminate\\Pipeline\\{closure}()
#23 /home/grupo05sc/instituto/vendor/laravel/framework/src/Illuminate/Routing/Router.php(805): Illuminate\\Pipeline\\Pipeline->then()
#24 /home/grupo05sc/instituto/vendor/laravel/framework/src/Illuminate/Routing/Router.php(784): Illuminate\\Routing\\Router->runRouteWithinStack()
#25 /home/grupo05sc/instituto/vendor/laravel/framework/src/Illuminate/Routing/Router.php(748): Illuminate\\Routing\\Router->runRoute()
#26 /home/grupo05sc/instituto/vendor/laravel/framework/src/Illuminate/Routing/Router.php(737): Illuminate\\Routing\\Router->dispatchToRoute()
#27 /home/grupo05sc/instituto/vendor/laravel/framework/src/Illuminate/Foundation/Http/Kernel.php(200): Illuminate\\Routing\\Router->dispatch()
#28 /home/grupo05sc/instituto/vendor/laravel/framework/src/Illuminate/Pipeline/Pipeline.php(144): Illuminate\\Foundation\\Http\\Kernel->Illuminate\\Foundation\\Http\\{closure}()
#29 /home/grupo05sc/instituto/vendor/laravel/framework/src/Illuminate/Foundation/Http/Middleware/TransformsRequest.php(21): Illuminate\\Pipeline\\Pipeline->Illuminate\\Pipeline\\{closure}()
#30 /home/grupo05sc/instituto/vendor/laravel/framework/src/Illuminate/Foundation/Http/Middleware/ConvertEmptyStringsToNull.php(31): Illuminate\\Foundation\\Http\\Middleware\\TransformsRequest->handle()
#31 /home/grupo05sc/instituto/vendor/laravel/framework/src/Illuminate/Pipeline/Pipeline.php(183): Illuminate\\Foundation\\Http\\Middleware\\ConvertEmptyStringsToNull->handle()
#32 /home/grupo05sc/instituto/vendor/laravel/framework/src/Illuminate/Foundation/Http/Middleware/TransformsRequest.php(21): Illuminate\\Pipeline\\Pipeline->Illuminate\\Pipeline\\{closure}()
#33 /home/grupo05sc/instituto/vendor/laravel/framework/src/Illuminate/Foundation/Http/Middleware/TrimStrings.php(51): Illuminate\\Foundation\\Http\\Middleware\\TransformsRequest->handle()
#34 /home/grupo05sc/instituto/vendor/laravel/framework/src/Illuminate/Pipeline/Pipeline.php(183): Illuminate\\Foundation\\Http\\Middleware\\TrimStrings->handle()
#35 /home/grupo05sc/instituto/vendor/laravel/framework/src/Illuminate/Http/Middleware/ValidatePostSize.php(27): Illuminate\\Pipeline\\Pipeline->Illuminate\\Pipeline\\{closure}()
#36 /home/grupo05sc/instituto/vendor/laravel/framework/src/Illuminate/Pipeline/Pipeline.php(183): Illuminate\\Http\\Middleware\\ValidatePostSize->handle()
#37 /home/grupo05sc/instituto/vendor/laravel/framework/src/Illuminate/Foundation/Http/Middleware/PreventRequestsDuringMaintenance.php(110): Illuminate\\Pipeline\\Pipeline->Illuminate\\Pipeline\\{closure}()
#38 /home/grupo05sc/instituto/vendor/laravel/framework/src/Illuminate/Pipeline/Pipeline.php(183): Illuminate\\Foundation\\Http\\Middleware\\PreventRequestsDuringMaintenance->handle()
#39 /home/grupo05sc/instituto/vendor/laravel/framework/src/Illuminate/Http/Middleware/HandleCors.php(49): Illuminate\\Pipeline\\Pipeline->Illuminate\\Pipeline\\{closure}()
#40 /home/grupo05sc/instituto/vendor/laravel/framework/src/Illuminate/Pipeline/Pipeline.php(183): Illuminate\\Http\\Middleware\\HandleCors->handle()
#41 /home/grupo05sc/instituto/vendor/laravel/framework/src/Illuminate/Http/Middleware/TrustProxies.php(57): Illuminate\\Pipeline\\Pipeline->Illuminate\\Pipeline\\{closure}()
#42 /home/grupo05sc/instituto/vendor/laravel/framework/src/Illuminate/Pipeline/Pipeline.php(183): Illuminate\\Http\\Middleware\\TrustProxies->handle()
#43 /home/grupo05sc/instituto/vendor/laravel/framework/src/Illuminate/Pipeline/Pipeline.php(119): Illuminate\\Pipeline\\Pipeline->Illuminate\\Pipeline\\{closure}()
#44 /home/grupo05sc/instituto/vendor/laravel/framework/src/Illuminate/Foundation/Http/Kernel.php(175): Illuminate\\Pipeline\\Pipeline->then()
#45 /home/grupo05sc/instituto/vendor/laravel/framework/src/Illuminate/Foundation/Http/Kernel.php(144): Illuminate\\Foundation\\Http\\Kernel->sendRequestThroughRouter()
#46 /home/grupo05sc/instituto/vendor/laravel/framework/src/Illuminate/Foundation/Application.php(1183): Illuminate\\Foundation\\Http\\Kernel->handle()
#47 /home/grupo05sc/instituto/public/index.php(17): Illuminate\\Foundation\\Application->handleRequest()
#48 {main}

[previous exception] [object] (Illuminate\\Database\\SQLiteDatabaseDoesNotExistException(code: 0): Database file at path [/home/grupo05sc/instituto/database/database.sqlite] does not exist. Ensure this is an absolute path to the database. at /home/grupo05sc/instituto/vendor/laravel/framework/src/Illuminate/Database/Connectors/SQLiteConnector.php:34)
[stacktrace]
#0 /home/grupo05sc/instituto/vendor/laravel/framework/src/Illuminate/Database/Connectors/ConnectionFactory.php(222): Illuminate\\Database\\Connectors\\SQLiteConnector->connect()
#1 [internal function]: Illuminate\\Database\\Connectors\\ConnectionFactory->Illuminate\\Database\\Connectors\\{closure}()
#2 /home/grupo05sc/instituto/vendor/laravel/framework/src/Illuminate/Database/Connection.php(1219): call_user_func()
#3 /home/grupo05sc/instituto/vendor/laravel/framework/src/Illuminate/Database/Connection.php(1255): Illuminate\\Database\\Connection->getPdo()
#4 /home/grupo05sc/instituto/vendor/laravel/framework/src/Illuminate/Database/Connection.php(512): Illuminate\\Database\\Connection->getReadPdo()
#5 /home/grupo05sc/instituto/vendor/laravel/framework/src/Illuminate/Database/Connection.php(407): Illuminate\\Database\\Connection->getPdoForSelect()
#6 /home/grupo05sc/instituto/vendor/laravel/framework/src/Illuminate/Database/Connection.php(800): Illuminate\\Database\\Connection->Illuminate\\Database\\{closure}()
#7 /home/grupo05sc/instituto/vendor/laravel/framework/src/Illuminate/Database/Connection.php(767): Illuminate\\Database\\Connection->runQueryCallback()
#8 /home/grupo05sc/instituto/vendor/laravel/framework/src/Illuminate/Database/Connection.php(398): Illuminate\\Database\\Connection->run()
#9 /home/grupo05sc/instituto/vendor/laravel/framework/src/Illuminate/Database/Query/Builder.php(2993): Illuminate\\Database\\Connection->select()
#10 /home/grupo05sc/instituto/vendor/laravel/framework/src/Illuminate/Database/Query/Builder.php(2978): Illuminate\\Database\\Query\\Builder->runSelect()
#11 /home/grupo05sc/instituto/vendor/laravel/framework/src/Illuminate/Database/Query/Builder.php(3566): Illuminate\\Database\\Query\\Builder->Illuminate\\Database\\Query\\{closure}()
#12 /home/grupo05sc/instituto/vendor/laravel/framework/src/Illuminate/Database/Query/Builder.php(2977): Illuminate\\Database\\Query\\Builder->onceWithColumns()
#13 /home/grupo05sc/instituto/vendor/laravel/framework/src/Illuminate/Database/Concerns/BuildsQueries.php(335): Illuminate\\Database\\Query\\Builder->get()
#14 /home/grupo05sc/instituto/vendor/laravel/framework/src/Illuminate/Database/Query/Builder.php(2900): Illuminate\\Database\\Query\\Builder->first()
#15 /home/grupo05sc/instituto/vendor/laravel/framework/src/Illuminate/Session/DatabaseSessionHandler.php(97): Illuminate\\Database\\Query\\Builder->find()
#16 /home/grupo05sc/instituto/vendor/laravel/framework/src/Illuminate/Session/Store.php(113): Illuminate\\Session\\DatabaseSessionHandler->read()
#17 /home/grupo05sc/instituto/vendor/laravel/framework/src/Illuminate/Session/Store.php(101): Illuminate\\Session\\Store->readFromHandler()
#18 /home/grupo05sc/instituto/vendor/laravel/framework/src/Illuminate/Session/Store.php(85): Illuminate\\Session\\Store->loadSession()
#19 /home/grupo05sc/instituto/vendor/laravel/framework/src/Illuminate/Session/Middleware/StartSession.php(147): Illuminate\\Session\\Store->start()
#20 /home/grupo05sc/instituto/vendor/laravel/framework/src/Illuminate/Support/helpers.php(363): Illuminate\\Session\\Middleware\\StartSession->Illuminate\\Session\\Middleware\\{closure}()
#21 /home/grupo05sc/instituto/vendor/laravel/framework/src/Illuminate/Session/Middleware/StartSession.php(144): tap()
#22 /home/grupo05sc/instituto/vendor/laravel/framework/src/Illuminate/Session/Middleware/StartSession.php(116): Illuminate\\Session\\Middleware\\StartSession->startSession()
#23 /home/grupo05sc/instituto/vendor/laravel/framework/src/Illuminate/Session/Middleware/StartSession.php(64): Illuminate\\Session\\Middleware\\StartSession->handleStatefulRequest()
#24 /home/grupo05sc/instituto/vendor/laravel/framework/src/Illuminate/Pipeline/Pipeline.php(183): Illuminate\\Session\\Middleware\\StartSession->handle()
#25 /home/grupo05sc/instituto/vendor/laravel/framework/src/Illuminate/Cookie/Middleware/AddQueuedCookiesToResponse.php(37): Illuminate\\Pipeline\\Pipeline->Illuminate\\Pipeline\\{closure}()
#26 /home/grupo05sc/instituto/vendor/laravel/framework/src/Illuminate/Pipeline/Pipeline.php(183): Illuminate\\Cookie\\Middleware\\AddQueuedCookiesToResponse->handle()
#27 /home/grupo05sc/instituto/vendor/laravel/framework/src/Illuminate/Cookie/Middleware/EncryptCookies.php(75): Illuminate\\Pipeline\\Pipeline->Illuminate\\Pipeline\\{closure}()
#28 /home/grupo05sc/instituto/vendor/laravel/framework/src/Illuminate/Pipeline/Pipeline.php(183): Illuminate\\Cookie\\Middleware\\EncryptCookies->handle()
#29 /home/grupo05sc/instituto/vendor/laravel/framework/src/Illuminate/Pipeline/Pipeline.php(119): Illuminate\\Pipeline\\Pipeline->Illuminate\\Pipeline\\{closure}()
#30 /home/grupo05sc/instituto/vendor/laravel/framework/src/Illuminate/Routing/Router.php(805): Illuminate\\Pipeline\\Pipeline->then()
#31 /home/grupo05sc/instituto/vendor/laravel/framework/src/Illuminate/Routing/Router.php(784): Illuminate\\Routing\\Router->runRouteWithinStack()
#32 /home/grupo05sc/instituto/vendor/laravel/framework/src/Illuminate/Routing/Router.php(748): Illuminate\\Routing\\Router->runRoute()
#33 /home/grupo05sc/instituto/vendor/laravel/framework/src/Illuminate/Routing/Router.php(737): Illuminate\\Routing\\Router->dispatchToRoute()
#34 /home/grupo05sc/instituto/vendor/laravel/framework/src/Illuminate/Foundation/Http/Kernel.php(200): Illuminate\\Routing\\Router->dispatch()
#35 /home/grupo05sc/instituto/vendor/laravel/framework/src/Illuminate/Pipeline/Pipeline.php(144): Illuminate\\Foundation\\Http\\Kernel->Illuminate\\Foundation\\Http\\{closure}()
#36 /home/grupo05sc/instituto/vendor/laravel/framework/src/Illuminate/Foundation/Http/Middleware/TransformsRequest.php(21): Illuminate\\Pipeline\\Pipeline->Illuminate\\Pipeline\\{closure}()
#37 /home/grupo05sc/instituto/vendor/laravel/framework/src/Illuminate/Foundation/Http/Middleware/ConvertEmptyStringsToNull.php(31): Illuminate\\Foundation\\Http\\Middleware\\TransformsRequest->handle()
#38 /home/grupo05sc/instituto/vendor/laravel/framework/src/Illuminate/Pipeline/Pipeline.php(183): Illuminate\\Foundation\\Http\\Middleware\\ConvertEmptyStringsToNull->handle()
#39 /home/grupo05sc/instituto/vendor/laravel/framework/src/Illuminate/Foundation/Http/Middleware/TransformsRequest.php(21): Illuminate\\Pipeline\\Pipeline->Illuminate\\Pipeline\\{closure}()
#40 /home/grupo05sc/instituto/vendor/laravel/framework/src/Illuminate/Foundation/Http/Middleware/TrimStrings.php(51): Illuminate\\Foundation\\Http\\Middleware\\TransformsRequest->handle()
#41 /home/grupo05sc/instituto/vendor/laravel/framework/src/Illuminate/Pipeline/Pipeline.php(183): Illuminate\\Foundation\\Http\\Middleware\\TrimStrings->handle()
#42 /home/grupo05sc/instituto/vendor/laravel/framework/src/Illuminate/Http/Middleware/ValidatePostSize.php(27): Illuminate\\Pipeline\\Pipeline->Illuminate\\Pipeline\\{closure}()
#43 /home/grupo05sc/instituto/vendor/laravel/framework/src/Illuminate/Pipeline/Pipeline.php(183): Illuminate\\Http\\Middleware\\ValidatePostSize->handle()
#44 /home/grupo05sc/instituto/vendor/laravel/framework/src/Illuminate/Foundation/Http/Middleware/PreventRequestsDuringMaintenance.php(110): Illuminate\\Pipeline\\Pipeline->Illuminate\\Pipeline\\{closure}()
#45 /home/grupo05sc/instituto/vendor/laravel/framework/src/Illuminate/Pipeline/Pipeline.php(183): Illuminate\\Foundation\\Http\\Middleware\\PreventRequestsDuringMaintenance->handle()
#46 /home/grupo05sc/instituto/vendor/laravel/framework/src/Illuminate/Http/Middleware/HandleCors.php(49): Illuminate\\Pipeline\\Pipeline->Illuminate\\Pipeline\\{closure}()
#47 /home/grupo05sc/instituto/vendor/laravel/framework/src/Illuminate/Pipeline/Pipeline.php(183): Illuminate\\Http\\Middleware\\HandleCors->handle()
#48 /home/grupo05sc/instituto/vendor/laravel/framework/src/Illuminate/Http/Middleware/TrustProxies.php(57): Illuminate\\Pipeline\\Pipeline->Illuminate\\Pipeline\\{closure}()
#49 /home/grupo05sc/instituto/vendor/laravel/framework/src/Illuminate/Pipeline/Pipeline.php(183): Illuminate\\Http\\Middleware\\TrustProxies->handle()
#50 /home/grupo05sc/instituto/vendor/laravel/framework/src/Illuminate/Pipeline/Pipeline.php(119): Illuminate\\Pipeline\\Pipeline->Illuminate\\Pipeline\\{closure}()
#51 /home/grupo05sc/instituto/vendor/laravel/framework/src/Illuminate/Foundation/Http/Kernel.php(175): Illuminate\\Pipeline\\Pipeline->then()
#52 /home/grupo05sc/instituto/vendor/laravel/framework/src/Illuminate/Foundation/Http/Kernel.php(144): Illuminate\\Foundation\\Http\\Kernel->sendRequestThroughRouter()
#53 /home/grupo05sc/instituto/vendor/laravel/framework/src/Illuminate/Foundation/Application.php(1183): Illuminate\\Foundation\\Http\\Kernel->handle()
#54 /home/grupo05sc/instituto/public/index.php(17): Illuminate\\Foundation\\Application->handleRequest()
#55 {main}
"} 
[2024-06-15 22:47:06] local.ERROR: Database file at path [/home/grupo05sc/instituto/database/database.sqlite] does not exist. Ensure this is an absolute path to the database. (Connection: sqlite, SQL: select * from "sessions" where "id" = p3euAtEZIf0PM48w5Ntj6mcwQ3eSHuHTwVQ2SGci limit 1) {"exception":"[object] (Illuminate\\Database\\QueryException(code: 0): Database file at path [/home/grupo05sc/instituto/database/database.sqlite] does not exist. Ensure this is an absolute path to the database. (Connection: sqlite, SQL: select * from \"sessions\" where \"id\" = p3euAtEZIf0PM48w5Ntj6mcwQ3eSHuHTwVQ2SGci limit 1) at /home/grupo05sc/instituto/vendor/laravel/framework/src/Illuminate/Database/Connection.php:813)
[stacktrace]
#0 /home/grupo05sc/instituto/vendor/laravel/framework/src/Illuminate/Database/Connection.php(767): Illuminate\\Database\\Connection->runQueryCallback()
#1 /home/grupo05sc/instituto/vendor/laravel/framework/src/Illuminate/Database/Connection.php(398): Illuminate\\Database\\Connection->run()
#2 /home/grupo05sc/instituto/vendor/laravel/framework/src/Illuminate/Database/Query/Builder.php(2993): Illuminate\\Database\\Connection->select()
#3 /home/grupo05sc/instituto/vendor/laravel/framework/src/Illuminate/Database/Query/Builder.php(2978): Illuminate\\Database\\Query\\Builder->runSelect()
#4 /home/grupo05sc/instituto/vendor/laravel/framework/src/Illuminate/Database/Query/Builder.php(3566): Illuminate\\Database\\Query\\Builder->Illuminate\\Database\\Query\\{closure}()
#5 /home/grupo05sc/instituto/vendor/laravel/framework/src/Illuminate/Database/Query/Builder.php(2977): Illuminate\\Database\\Query\\Builder->onceWithColumns()
#6 /home/grupo05sc/instituto/vendor/laravel/framework/src/Illuminate/Database/Concerns/BuildsQueries.php(335): Illuminate\\Database\\Query\\Builder->get()
#7 /home/grupo05sc/instituto/vendor/laravel/framework/src/Illuminate/Database/Query/Builder.php(2900): Illuminate\\Database\\Query\\Builder->first()
#8 /home/grupo05sc/instituto/vendor/laravel/framework/src/Illuminate/Session/DatabaseSessionHandler.php(97): Illuminate\\Database\\Query\\Builder->find()
#9 /home/grupo05sc/instituto/vendor/laravel/framework/src/Illuminate/Session/Store.php(113): Illuminate\\Session\\DatabaseSessionHandler->read()
#10 /home/grupo05sc/instituto/vendor/laravel/framework/src/Illuminate/Session/Store.php(101): Illuminate\\Session\\Store->readFromHandler()
#11 /home/grupo05sc/instituto/vendor/laravel/framework/src/Illuminate/Session/Store.php(85): Illuminate\\Session\\Store->loadSession()
#12 /home/grupo05sc/instituto/vendor/laravel/framework/src/Illuminate/Session/Middleware/StartSession.php(147): Illuminate\\Session\\Store->start()
#13 /home/grupo05sc/instituto/vendor/laravel/framework/src/Illuminate/Support/helpers.php(363): Illuminate\\Session\\Middleware\\StartSession->Illuminate\\Session\\Middleware\\{closure}()
#14 /home/grupo05sc/instituto/vendor/laravel/framework/src/Illuminate/Session/Middleware/StartSession.php(144): tap()
#15 /home/grupo05sc/instituto/vendor/laravel/framework/src/Illuminate/Session/Middleware/StartSession.php(116): Illuminate\\Session\\Middleware\\StartSession->startSession()
#16 /home/grupo05sc/instituto/vendor/laravel/framework/src/Illuminate/Session/Middleware/StartSession.php(64): Illuminate\\Session\\Middleware\\StartSession->handleStatefulRequest()
#17 /home/grupo05sc/instituto/vendor/laravel/framework/src/Illuminate/Pipeline/Pipeline.php(183): Illuminate\\Session\\Middleware\\StartSession->handle()
#18 /home/grupo05sc/instituto/vendor/laravel/framework/src/Illuminate/Cookie/Middleware/AddQueuedCookiesToResponse.php(37): Illuminate\\Pipeline\\Pipeline->Illuminate\\Pipeline\\{closure}()
#19 /home/grupo05sc/instituto/vendor/laravel/framework/src/Illuminate/Pipeline/Pipeline.php(183): Illuminate\\Cookie\\Middleware\\AddQueuedCookiesToResponse->handle()
#20 /home/grupo05sc/instituto/vendor/laravel/framework/src/Illuminate/Cookie/Middleware/EncryptCookies.php(75): Illuminate\\Pipeline\\Pipeline->Illuminate\\Pipeline\\{closure}()
#21 /home/grupo05sc/instituto/vendor/laravel/framework/src/Illuminate/Pipeline/Pipeline.php(183): Illuminate\\Cookie\\Middleware\\EncryptCookies->handle()
#22 /home/grupo05sc/instituto/vendor/laravel/framework/src/Illuminate/Pipeline/Pipeline.php(119): Illuminate\\Pipeline\\Pipeline->Illuminate\\Pipeline\\{closure}()
#23 /home/grupo05sc/instituto/vendor/laravel/framework/src/Illuminate/Routing/Router.php(805): Illuminate\\Pipeline\\Pipeline->then()
#24 /home/grupo05sc/instituto/vendor/laravel/framework/src/Illuminate/Routing/Router.php(784): Illuminate\\Routing\\Router->runRouteWithinStack()
#25 /home/grupo05sc/instituto/vendor/laravel/framework/src/Illuminate/Routing/Router.php(748): Illuminate\\Routing\\Router->runRoute()
#26 /home/grupo05sc/instituto/vendor/laravel/framework/src/Illuminate/Routing/Router.php(737): Illuminate\\Routing\\Router->dispatchToRoute()
#27 /home/grupo05sc/instituto/vendor/laravel/framework/src/Illuminate/Foundation/Http/Kernel.php(200): Illuminate\\Routing\\Router->dispatch()
#28 /home/grupo05sc/instituto/vendor/laravel/framework/src/Illuminate/Pipeline/Pipeline.php(144): Illuminate\\Foundation\\Http\\Kernel->Illuminate\\Foundation\\Http\\{closure}()
#29 /home/grupo05sc/instituto/vendor/laravel/framework/src/Illuminate/Foundation/Http/Middleware/TransformsRequest.php(21): Illuminate\\Pipeline\\Pipeline->Illuminate\\Pipeline\\{closure}()
#30 /home/grupo05sc/instituto/vendor/laravel/framework/src/Illuminate/Foundation/Http/Middleware/ConvertEmptyStringsToNull.php(31): Illuminate\\Foundation\\Http\\Middleware\\TransformsRequest->handle()
#31 /home/grupo05sc/instituto/vendor/laravel/framework/src/Illuminate/Pipeline/Pipeline.php(183): Illuminate\\Foundation\\Http\\Middleware\\ConvertEmptyStringsToNull->handle()
#32 /home/grupo05sc/instituto/vendor/laravel/framework/src/Illuminate/Foundation/Http/Middleware/TransformsRequest.php(21): Illuminate\\Pipeline\\Pipeline->Illuminate\\Pipeline\\{closure}()
#33 /home/grupo05sc/instituto/vendor/laravel/framework/src/Illuminate/Foundation/Http/Middleware/TrimStrings.php(51): Illuminate\\Foundation\\Http\\Middleware\\TransformsRequest->handle()
#34 /home/grupo05sc/instituto/vendor/laravel/framework/src/Illuminate/Pipeline/Pipeline.php(183): Illuminate\\Foundation\\Http\\Middleware\\TrimStrings->handle()
#35 /home/grupo05sc/instituto/vendor/laravel/framework/src/Illuminate/Http/Middleware/ValidatePostSize.php(27): Illuminate\\Pipeline\\Pipeline->Illuminate\\Pipeline\\{closure}()
#36 /home/grupo05sc/instituto/vendor/laravel/framework/src/Illuminate/Pipeline/Pipeline.php(183): Illuminate\\Http\\Middleware\\ValidatePostSize->handle()
#37 /home/grupo05sc/instituto/vendor/laravel/framework/src/Illuminate/Foundation/Http/Middleware/PreventRequestsDuringMaintenance.php(110): Illuminate\\Pipeline\\Pipeline->Illuminate\\Pipeline\\{closure}()
#38 /home/grupo05sc/instituto/vendor/laravel/framework/src/Illuminate/Pipeline/Pipeline.php(183): Illuminate\\Foundation\\Http\\Middleware\\PreventRequestsDuringMaintenance->handle()
#39 /home/grupo05sc/instituto/vendor/laravel/framework/src/Illuminate/Http/Middleware/HandleCors.php(49): Illuminate\\Pipeline\\Pipeline->Illuminate\\Pipeline\\{closure}()
#40 /home/grupo05sc/instituto/vendor/laravel/framework/src/Illuminate/Pipeline/Pipeline.php(183): Illuminate\\Http\\Middleware\\HandleCors->handle()
#41 /home/grupo05sc/instituto/vendor/laravel/framework/src/Illuminate/Http/Middleware/TrustProxies.php(57): Illuminate\\Pipeline\\Pipeline->Illuminate\\Pipeline\\{closure}()
#42 /home/grupo05sc/instituto/vendor/laravel/framework/src/Illuminate/Pipeline/Pipeline.php(183): Illuminate\\Http\\Middleware\\TrustProxies->handle()
#43 /home/grupo05sc/instituto/vendor/laravel/framework/src/Illuminate/Pipeline/Pipeline.php(119): Illuminate\\Pipeline\\Pipeline->Illuminate\\Pipeline\\{closure}()
#44 /home/grupo05sc/instituto/vendor/laravel/framework/src/Illuminate/Foundation/Http/Kernel.php(175): Illuminate\\Pipeline\\Pipeline->then()
#45 /home/grupo05sc/instituto/vendor/laravel/framework/src/Illuminate/Foundation/Http/Kernel.php(144): Illuminate\\Foundation\\Http\\Kernel->sendRequestThroughRouter()
#46 /home/grupo05sc/instituto/vendor/laravel/framework/src/Illuminate/Foundation/Application.php(1183): Illuminate\\Foundation\\Http\\Kernel->handle()
#47 /home/grupo05sc/instituto/public/index.php(17): Illuminate\\Foundation\\Application->handleRequest()
#48 {main}

[previous exception] [object] (Illuminate\\Database\\SQLiteDatabaseDoesNotExistException(code: 0): Database file at path [/home/grupo05sc/instituto/database/database.sqlite] does not exist. Ensure this is an absolute path to the database. at /home/grupo05sc/instituto/vendor/laravel/framework/src/Illuminate/Database/Connectors/SQLiteConnector.php:34)
[stacktrace]
#0 /home/grupo05sc/instituto/vendor/laravel/framework/src/Illuminate/Database/Connectors/ConnectionFactory.php(222): Illuminate\\Database\\Connectors\\SQLiteConnector->connect()
#1 [internal function]: Illuminate\\Database\\Connectors\\ConnectionFactory->Illuminate\\Database\\Connectors\\{closure}()
#2 /home/grupo05sc/instituto/vendor/laravel/framework/src/Illuminate/Database/Connection.php(1219): call_user_func()
#3 /home/grupo05sc/instituto/vendor/laravel/framework/src/Illuminate/Database/Connection.php(1255): Illuminate\\Database\\Connection->getPdo()
#4 /home/grupo05sc/instituto/vendor/laravel/framework/src/Illuminate/Database/Connection.php(512): Illuminate\\Database\\Connection->getReadPdo()
#5 /home/grupo05sc/instituto/vendor/laravel/framework/src/Illuminate/Database/Connection.php(407): Illuminate\\Database\\Connection->getPdoForSelect()
#6 /home/grupo05sc/instituto/vendor/laravel/framework/src/Illuminate/Database/Connection.php(800): Illuminate\\Database\\Connection->Illuminate\\Database\\{closure}()
#7 /home/grupo05sc/instituto/vendor/laravel/framework/src/Illuminate/Database/Connection.php(767): Illuminate\\Database\\Connection->runQueryCallback()
#8 /home/grupo05sc/instituto/vendor/laravel/framework/src/Illuminate/Database/Connection.php(398): Illuminate\\Database\\Connection->run()
#9 /home/grupo05sc/instituto/vendor/laravel/framework/src/Illuminate/Database/Query/Builder.php(2993): Illuminate\\Database\\Connection->select()
#10 /home/grupo05sc/instituto/vendor/laravel/framework/src/Illuminate/Database/Query/Builder.php(2978): Illuminate\\Database\\Query\\Builder->runSelect()
#11 /home/grupo05sc/instituto/vendor/laravel/framework/src/Illuminate/Database/Query/Builder.php(3566): Illuminate\\Database\\Query\\Builder->Illuminate\\Database\\Query\\{closure}()
#12 /home/grupo05sc/instituto/vendor/laravel/framework/src/Illuminate/Database/Query/Builder.php(2977): Illuminate\\Database\\Query\\Builder->onceWithColumns()
#13 /home/grupo05sc/instituto/vendor/laravel/framework/src/Illuminate/Database/Concerns/BuildsQueries.php(335): Illuminate\\Database\\Query\\Builder->get()
#14 /home/grupo05sc/instituto/vendor/laravel/framework/src/Illuminate/Database/Query/Builder.php(2900): Illuminate\\Database\\Query\\Builder->first()
#15 /home/grupo05sc/instituto/vendor/laravel/framework/src/Illuminate/Session/DatabaseSessionHandler.php(97): Illuminate\\Database\\Query\\Builder->find()
#16 /home/grupo05sc/instituto/vendor/laravel/framework/src/Illuminate/Session/Store.php(113): Illuminate\\Session\\DatabaseSessionHandler->read()
#17 /home/grupo05sc/instituto/vendor/laravel/framework/src/Illuminate/Session/Store.php(101): Illuminate\\Session\\Store->readFromHandler()
#18 /home/grupo05sc/instituto/vendor/laravel/framework/src/Illuminate/Session/Store.php(85): Illuminate\\Session\\Store->loadSession()
#19 /home/grupo05sc/instituto/vendor/laravel/framework/src/Illuminate/Session/Middleware/StartSession.php(147): Illuminate\\Session\\Store->start()
#20 /home/grupo05sc/instituto/vendor/laravel/framework/src/Illuminate/Support/helpers.php(363): Illuminate\\Session\\Middleware\\StartSession->Illuminate\\Session\\Middleware\\{closure}()
#21 /home/grupo05sc/instituto/vendor/laravel/framework/src/Illuminate/Session/Middleware/StartSession.php(144): tap()
#22 /home/grupo05sc/instituto/vendor/laravel/framework/src/Illuminate/Session/Middleware/StartSession.php(116): Illuminate\\Session\\Middleware\\StartSession->startSession()
#23 /home/grupo05sc/instituto/vendor/laravel/framework/src/Illuminate/Session/Middleware/StartSession.php(64): Illuminate\\Session\\Middleware\\StartSession->handleStatefulRequest()
#24 /home/grupo05sc/instituto/vendor/laravel/framework/src/Illuminate/Pipeline/Pipeline.php(183): Illuminate\\Session\\Middleware\\StartSession->handle()
#25 /home/grupo05sc/instituto/vendor/laravel/framework/src/Illuminate/Cookie/Middleware/AddQueuedCookiesToResponse.php(37): Illuminate\\Pipeline\\Pipeline->Illuminate\\Pipeline\\{closure}()
#26 /home/grupo05sc/instituto/vendor/laravel/framework/src/Illuminate/Pipeline/Pipeline.php(183): Illuminate\\Cookie\\Middleware\\AddQueuedCookiesToResponse->handle()
#27 /home/grupo05sc/instituto/vendor/laravel/framework/src/Illuminate/Cookie/Middleware/EncryptCookies.php(75): Illuminate\\Pipeline\\Pipeline->Illuminate\\Pipeline\\{closure}()
#28 /home/grupo05sc/instituto/vendor/laravel/framework/src/Illuminate/Pipeline/Pipeline.php(183): Illuminate\\Cookie\\Middleware\\EncryptCookies->handle()
#29 /home/grupo05sc/instituto/vendor/laravel/framework/src/Illuminate/Pipeline/Pipeline.php(119): Illuminate\\Pipeline\\Pipeline->Illuminate\\Pipeline\\{closure}()
#30 /home/grupo05sc/instituto/vendor/laravel/framework/src/Illuminate/Routing/Router.php(805): Illuminate\\Pipeline\\Pipeline->then()
#31 /home/grupo05sc/instituto/vendor/laravel/framework/src/Illuminate/Routing/Router.php(784): Illuminate\\Routing\\Router->runRouteWithinStack()
#32 /home/grupo05sc/instituto/vendor/laravel/framework/src/Illuminate/Routing/Router.php(748): Illuminate\\Routing\\Router->runRoute()
#33 /home/grupo05sc/instituto/vendor/laravel/framework/src/Illuminate/Routing/Router.php(737): Illuminate\\Routing\\Router->dispatchToRoute()
#34 /home/grupo05sc/instituto/vendor/laravel/framework/src/Illuminate/Foundation/Http/Kernel.php(200): Illuminate\\Routing\\Router->dispatch()
#35 /home/grupo05sc/instituto/vendor/laravel/framework/src/Illuminate/Pipeline/Pipeline.php(144): Illuminate\\Foundation\\Http\\Kernel->Illuminate\\Foundation\\Http\\{closure}()
#36 /home/grupo05sc/instituto/vendor/laravel/framework/src/Illuminate/Foundation/Http/Middleware/TransformsRequest.php(21): Illuminate\\Pipeline\\Pipeline->Illuminate\\Pipeline\\{closure}()
#37 /home/grupo05sc/instituto/vendor/laravel/framework/src/Illuminate/Foundation/Http/Middleware/ConvertEmptyStringsToNull.php(31): Illuminate\\Foundation\\Http\\Middleware\\TransformsRequest->handle()
#38 /home/grupo05sc/instituto/vendor/laravel/framework/src/Illuminate/Pipeline/Pipeline.php(183): Illuminate\\Foundation\\Http\\Middleware\\ConvertEmptyStringsToNull->handle()
#39 /home/grupo05sc/instituto/vendor/laravel/framework/src/Illuminate/Foundation/Http/Middleware/TransformsRequest.php(21): Illuminate\\Pipeline\\Pipeline->Illuminate\\Pipeline\\{closure}()
#40 /home/grupo05sc/instituto/vendor/laravel/framework/src/Illuminate/Foundation/Http/Middleware/TrimStrings.php(51): Illuminate\\Foundation\\Http\\Middleware\\TransformsRequest->handle()
#41 /home/grupo05sc/instituto/vendor/laravel/framework/src/Illuminate/Pipeline/Pipeline.php(183): Illuminate\\Foundation\\Http\\Middleware\\TrimStrings->handle()
#42 /home/grupo05sc/instituto/vendor/laravel/framework/src/Illuminate/Http/Middleware/ValidatePostSize.php(27): Illuminate\\Pipeline\\Pipeline->Illuminate\\Pipeline\\{closure}()
#43 /home/grupo05sc/instituto/vendor/laravel/framework/src/Illuminate/Pipeline/Pipeline.php(183): Illuminate\\Http\\Middleware\\ValidatePostSize->handle()
#44 /home/grupo05sc/instituto/vendor/laravel/framework/src/Illuminate/Foundation/Http/Middleware/PreventRequestsDuringMaintenance.php(110): Illuminate\\Pipeline\\Pipeline->Illuminate\\Pipeline\\{closure}()
#45 /home/grupo05sc/instituto/vendor/laravel/framework/src/Illuminate/Pipeline/Pipeline.php(183): Illuminate\\Foundation\\Http\\Middleware\\PreventRequestsDuringMaintenance->handle()
#46 /home/grupo05sc/instituto/vendor/laravel/framework/src/Illuminate/Http/Middleware/HandleCors.php(49): Illuminate\\Pipeline\\Pipeline->Illuminate\\Pipeline\\{closure}()
#47 /home/grupo05sc/instituto/vendor/laravel/framework/src/Illuminate/Pipeline/Pipeline.php(183): Illuminate\\Http\\Middleware\\HandleCors->handle()
#48 /home/grupo05sc/instituto/vendor/laravel/framework/src/Illuminate/Http/Middleware/TrustProxies.php(57): Illuminate\\Pipeline\\Pipeline->Illuminate\\Pipeline\\{closure}()
#49 /home/grupo05sc/instituto/vendor/laravel/framework/src/Illuminate/Pipeline/Pipeline.php(183): Illuminate\\Http\\Middleware\\TrustProxies->handle()
#50 /home/grupo05sc/instituto/vendor/laravel/framework/src/Illuminate/Pipeline/Pipeline.php(119): Illuminate\\Pipeline\\Pipeline->Illuminate\\Pipeline\\{closure}()
#51 /home/grupo05sc/instituto/vendor/laravel/framework/src/Illuminate/Foundation/Http/Kernel.php(175): Illuminate\\Pipeline\\Pipeline->then()
#52 /home/grupo05sc/instituto/vendor/laravel/framework/src/Illuminate/Foundation/Http/Kernel.php(144): Illuminate\\Foundation\\Http\\Kernel->sendRequestThroughRouter()
#53 /home/grupo05sc/instituto/vendor/laravel/framework/src/Illuminate/Foundation/Application.php(1183): Illuminate\\Foundation\\Http\\Kernel->handle()
#54 /home/grupo05sc/instituto/public/index.php(17): Illuminate\\Foundation\\Application->handleRequest()
#55 {main}
"} 
[2024-06-15 22:47:17] local.ERROR: Database file at path [/home/grupo05sc/instituto/database/database.sqlite] does not exist. Ensure this is an absolute path to the database. (Connection: sqlite, SQL: select * from "sessions" where "id" = czcffvBURwR37haOoAmDIsdGLWPpI21NyO3znm24 limit 1) {"exception":"[object] (Illuminate\\Database\\QueryException(code: 0): Database file at path [/home/grupo05sc/instituto/database/database.sqlite] does not exist. Ensure this is an absolute path to the database. (Connection: sqlite, SQL: select * from \"sessions\" where \"id\" = czcffvBURwR37haOoAmDIsdGLWPpI21NyO3znm24 limit 1) at /home/grupo05sc/instituto/vendor/laravel/framework/src/Illuminate/Database/Connection.php:813)
[stacktrace]
#0 /home/grupo05sc/instituto/vendor/laravel/framework/src/Illuminate/Database/Connection.php(767): Illuminate\\Database\\Connection->runQueryCallback()
#1 /home/grupo05sc/instituto/vendor/laravel/framework/src/Illuminate/Database/Connection.php(398): Illuminate\\Database\\Connection->run()
#2 /home/grupo05sc/instituto/vendor/laravel/framework/src/Illuminate/Database/Query/Builder.php(2993): Illuminate\\Database\\Connection->select()
#3 /home/grupo05sc/instituto/vendor/laravel/framework/src/Illuminate/Database/Query/Builder.php(2978): Illuminate\\Database\\Query\\Builder->runSelect()
#4 /home/grupo05sc/instituto/vendor/laravel/framework/src/Illuminate/Database/Query/Builder.php(3566): Illuminate\\Database\\Query\\Builder->Illuminate\\Database\\Query\\{closure}()
#5 /home/grupo05sc/instituto/vendor/laravel/framework/src/Illuminate/Database/Query/Builder.php(2977): Illuminate\\Database\\Query\\Builder->onceWithColumns()
#6 /home/grupo05sc/instituto/vendor/laravel/framework/src/Illuminate/Database/Concerns/BuildsQueries.php(335): Illuminate\\Database\\Query\\Builder->get()
#7 /home/grupo05sc/instituto/vendor/laravel/framework/src/Illuminate/Database/Query/Builder.php(2900): Illuminate\\Database\\Query\\Builder->first()
#8 /home/grupo05sc/instituto/vendor/laravel/framework/src/Illuminate/Session/DatabaseSessionHandler.php(97): Illuminate\\Database\\Query\\Builder->find()
#9 /home/grupo05sc/instituto/vendor/laravel/framework/src/Illuminate/Session/Store.php(113): Illuminate\\Session\\DatabaseSessionHandler->read()
#10 /home/grupo05sc/instituto/vendor/laravel/framework/src/Illuminate/Session/Store.php(101): Illuminate\\Session\\Store->readFromHandler()
#11 /home/grupo05sc/instituto/vendor/laravel/framework/src/Illuminate/Session/Store.php(85): Illuminate\\Session\\Store->loadSession()
#12 /home/grupo05sc/instituto/vendor/laravel/framework/src/Illuminate/Session/Middleware/StartSession.php(147): Illuminate\\Session\\Store->start()
#13 /home/grupo05sc/instituto/vendor/laravel/framework/src/Illuminate/Support/helpers.php(363): Illuminate\\Session\\Middleware\\StartSession->Illuminate\\Session\\Middleware\\{closure}()
#14 /home/grupo05sc/instituto/vendor/laravel/framework/src/Illuminate/Session/Middleware/StartSession.php(144): tap()
#15 /home/grupo05sc/instituto/vendor/laravel/framework/src/Illuminate/Session/Middleware/StartSession.php(116): Illuminate\\Session\\Middleware\\StartSession->startSession()
#16 /home/grupo05sc/instituto/vendor/laravel/framework/src/Illuminate/Session/Middleware/StartSession.php(64): Illuminate\\Session\\Middleware\\StartSession->handleStatefulRequest()
#17 /home/grupo05sc/instituto/vendor/laravel/framework/src/Illuminate/Pipeline/Pipeline.php(183): Illuminate\\Session\\Middleware\\StartSession->handle()
#18 /home/grupo05sc/instituto/vendor/laravel/framework/src/Illuminate/Cookie/Middleware/AddQueuedCookiesToResponse.php(37): Illuminate\\Pipeline\\Pipeline->Illuminate\\Pipeline\\{closure}()
#19 /home/grupo05sc/instituto/vendor/laravel/framework/src/Illuminate/Pipeline/Pipeline.php(183): Illuminate\\Cookie\\Middleware\\AddQueuedCookiesToResponse->handle()
#20 /home/grupo05sc/instituto/vendor/laravel/framework/src/Illuminate/Cookie/Middleware/EncryptCookies.php(75): Illuminate\\Pipeline\\Pipeline->Illuminate\\Pipeline\\{closure}()
#21 /home/grupo05sc/instituto/vendor/laravel/framework/src/Illuminate/Pipeline/Pipeline.php(183): Illuminate\\Cookie\\Middleware\\EncryptCookies->handle()
#22 /home/grupo05sc/instituto/vendor/laravel/framework/src/Illuminate/Pipeline/Pipeline.php(119): Illuminate\\Pipeline\\Pipeline->Illuminate\\Pipeline\\{closure}()
#23 /home/grupo05sc/instituto/vendor/laravel/framework/src/Illuminate/Routing/Router.php(805): Illuminate\\Pipeline\\Pipeline->then()
#24 /home/grupo05sc/instituto/vendor/laravel/framework/src/Illuminate/Routing/Router.php(784): Illuminate\\Routing\\Router->runRouteWithinStack()
#25 /home/grupo05sc/instituto/vendor/laravel/framework/src/Illuminate/Routing/Router.php(748): Illuminate\\Routing\\Router->runRoute()
#26 /home/grupo05sc/instituto/vendor/laravel/framework/src/Illuminate/Routing/Router.php(737): Illuminate\\Routing\\Router->dispatchToRoute()
#27 /home/grupo05sc/instituto/vendor/laravel/framework/src/Illuminate/Foundation/Http/Kernel.php(200): Illuminate\\Routing\\Router->dispatch()
#28 /home/grupo05sc/instituto/vendor/laravel/framework/src/Illuminate/Pipeline/Pipeline.php(144): Illuminate\\Foundation\\Http\\Kernel->Illuminate\\Foundation\\Http\\{closure}()
#29 /home/grupo05sc/instituto/vendor/laravel/framework/src/Illuminate/Foundation/Http/Middleware/TransformsRequest.php(21): Illuminate\\Pipeline\\Pipeline->Illuminate\\Pipeline\\{closure}()
#30 /home/grupo05sc/instituto/vendor/laravel/framework/src/Illuminate/Foundation/Http/Middleware/ConvertEmptyStringsToNull.php(31): Illuminate\\Foundation\\Http\\Middleware\\TransformsRequest->handle()
#31 /home/grupo05sc/instituto/vendor/laravel/framework/src/Illuminate/Pipeline/Pipeline.php(183): Illuminate\\Foundation\\Http\\Middleware\\ConvertEmptyStringsToNull->handle()
#32 /home/grupo05sc/instituto/vendor/laravel/framework/src/Illuminate/Foundation/Http/Middleware/TransformsRequest.php(21): Illuminate\\Pipeline\\Pipeline->Illuminate\\Pipeline\\{closure}()
#33 /home/grupo05sc/instituto/vendor/laravel/framework/src/Illuminate/Foundation/Http/Middleware/TrimStrings.php(51): Illuminate\\Foundation\\Http\\Middleware\\TransformsRequest->handle()
#34 /home/grupo05sc/instituto/vendor/laravel/framework/src/Illuminate/Pipeline/Pipeline.php(183): Illuminate\\Foundation\\Http\\Middleware\\TrimStrings->handle()
#35 /home/grupo05sc/instituto/vendor/laravel/framework/src/Illuminate/Http/Middleware/ValidatePostSize.php(27): Illuminate\\Pipeline\\Pipeline->Illuminate\\Pipeline\\{closure}()
#36 /home/grupo05sc/instituto/vendor/laravel/framework/src/Illuminate/Pipeline/Pipeline.php(183): Illuminate\\Http\\Middleware\\ValidatePostSize->handle()
#37 /home/grupo05sc/instituto/vendor/laravel/framework/src/Illuminate/Foundation/Http/Middleware/PreventRequestsDuringMaintenance.php(110): Illuminate\\Pipeline\\Pipeline->Illuminate\\Pipeline\\{closure}()
#38 /home/grupo05sc/instituto/vendor/laravel/framework/src/Illuminate/Pipeline/Pipeline.php(183): Illuminate\\Foundation\\Http\\Middleware\\PreventRequestsDuringMaintenance->handle()
#39 /home/grupo05sc/instituto/vendor/laravel/framework/src/Illuminate/Http/Middleware/HandleCors.php(49): Illuminate\\Pipeline\\Pipeline->Illuminate\\Pipeline\\{closure}()
#40 /home/grupo05sc/instituto/vendor/laravel/framework/src/Illuminate/Pipeline/Pipeline.php(183): Illuminate\\Http\\Middleware\\HandleCors->handle()
#41 /home/grupo05sc/instituto/vendor/laravel/framework/src/Illuminate/Http/Middleware/TrustProxies.php(57): Illuminate\\Pipeline\\Pipeline->Illuminate\\Pipeline\\{closure}()
#42 /home/grupo05sc/instituto/vendor/laravel/framework/src/Illuminate/Pipeline/Pipeline.php(183): Illuminate\\Http\\Middleware\\TrustProxies->handle()
#43 /home/grupo05sc/instituto/vendor/laravel/framework/src/Illuminate/Pipeline/Pipeline.php(119): Illuminate\\Pipeline\\Pipeline->Illuminate\\Pipeline\\{closure}()
#44 /home/grupo05sc/instituto/vendor/laravel/framework/src/Illuminate/Foundation/Http/Kernel.php(175): Illuminate\\Pipeline\\Pipeline->then()
#45 /home/grupo05sc/instituto/vendor/laravel/framework/src/Illuminate/Foundation/Http/Kernel.php(144): Illuminate\\Foundation\\Http\\Kernel->sendRequestThroughRouter()
#46 /home/grupo05sc/instituto/vendor/laravel/framework/src/Illuminate/Foundation/Application.php(1183): Illuminate\\Foundation\\Http\\Kernel->handle()
#47 /home/grupo05sc/instituto/public/index.php(17): Illuminate\\Foundation\\Application->handleRequest()
#48 {main}

[previous exception] [object] (Illuminate\\Database\\SQLiteDatabaseDoesNotExistException(code: 0): Database file at path [/home/grupo05sc/instituto/database/database.sqlite] does not exist. Ensure this is an absolute path to the database. at /home/grupo05sc/instituto/vendor/laravel/framework/src/Illuminate/Database/Connectors/SQLiteConnector.php:34)
[stacktrace]
#0 /home/grupo05sc/instituto/vendor/laravel/framework/src/Illuminate/Database/Connectors/ConnectionFactory.php(222): Illuminate\\Database\\Connectors\\SQLiteConnector->connect()
#1 [internal function]: Illuminate\\Database\\Connectors\\ConnectionFactory->Illuminate\\Database\\Connectors\\{closure}()
#2 /home/grupo05sc/instituto/vendor/laravel/framework/src/Illuminate/Database/Connection.php(1219): call_user_func()
#3 /home/grupo05sc/instituto/vendor/laravel/framework/src/Illuminate/Database/Connection.php(1255): Illuminate\\Database\\Connection->getPdo()
#4 /home/grupo05sc/instituto/vendor/laravel/framework/src/Illuminate/Database/Connection.php(512): Illuminate\\Database\\Connection->getReadPdo()
#5 /home/grupo05sc/instituto/vendor/laravel/framework/src/Illuminate/Database/Connection.php(407): Illuminate\\Database\\Connection->getPdoForSelect()
#6 /home/grupo05sc/instituto/vendor/laravel/framework/src/Illuminate/Database/Connection.php(800): Illuminate\\Database\\Connection->Illuminate\\Database\\{closure}()
#7 /home/grupo05sc/instituto/vendor/laravel/framework/src/Illuminate/Database/Connection.php(767): Illuminate\\Database\\Connection->runQueryCallback()
#8 /home/grupo05sc/instituto/vendor/laravel/framework/src/Illuminate/Database/Connection.php(398): Illuminate\\Database\\Connection->run()
#9 /home/grupo05sc/instituto/vendor/laravel/framework/src/Illuminate/Database/Query/Builder.php(2993): Illuminate\\Database\\Connection->select()
#10 /home/grupo05sc/instituto/vendor/laravel/framework/src/Illuminate/Database/Query/Builder.php(2978): Illuminate\\Database\\Query\\Builder->runSelect()
#11 /home/grupo05sc/instituto/vendor/laravel/framework/src/Illuminate/Database/Query/Builder.php(3566): Illuminate\\Database\\Query\\Builder->Illuminate\\Database\\Query\\{closure}()
#12 /home/grupo05sc/instituto/vendor/laravel/framework/src/Illuminate/Database/Query/Builder.php(2977): Illuminate\\Database\\Query\\Builder->onceWithColumns()
#13 /home/grupo05sc/instituto/vendor/laravel/framework/src/Illuminate/Database/Concerns/BuildsQueries.php(335): Illuminate\\Database\\Query\\Builder->get()
#14 /home/grupo05sc/instituto/vendor/laravel/framework/src/Illuminate/Database/Query/Builder.php(2900): Illuminate\\Database\\Query\\Builder->first()
#15 /home/grupo05sc/instituto/vendor/laravel/framework/src/Illuminate/Session/DatabaseSessionHandler.php(97): Illuminate\\Database\\Query\\Builder->find()
#16 /home/grupo05sc/instituto/vendor/laravel/framework/src/Illuminate/Session/Store.php(113): Illuminate\\Session\\DatabaseSessionHandler->read()
#17 /home/grupo05sc/instituto/vendor/laravel/framework/src/Illuminate/Session/Store.php(101): Illuminate\\Session\\Store->readFromHandler()
#18 /home/grupo05sc/instituto/vendor/laravel/framework/src/Illuminate/Session/Store.php(85): Illuminate\\Session\\Store->loadSession()
#19 /home/grupo05sc/instituto/vendor/laravel/framework/src/Illuminate/Session/Middleware/StartSession.php(147): Illuminate\\Session\\Store->start()
#20 /home/grupo05sc/instituto/vendor/laravel/framework/src/Illuminate/Support/helpers.php(363): Illuminate\\Session\\Middleware\\StartSession->Illuminate\\Session\\Middleware\\{closure}()
#21 /home/grupo05sc/instituto/vendor/laravel/framework/src/Illuminate/Session/Middleware/StartSession.php(144): tap()
#22 /home/grupo05sc/instituto/vendor/laravel/framework/src/Illuminate/Session/Middleware/StartSession.php(116): Illuminate\\Session\\Middleware\\StartSession->startSession()
#23 /home/grupo05sc/instituto/vendor/laravel/framework/src/Illuminate/Session/Middleware/StartSession.php(64): Illuminate\\Session\\Middleware\\StartSession->handleStatefulRequest()
#24 /home/grupo05sc/instituto/vendor/laravel/framework/src/Illuminate/Pipeline/Pipeline.php(183): Illuminate\\Session\\Middleware\\StartSession->handle()
#25 /home/grupo05sc/instituto/vendor/laravel/framework/src/Illuminate/Cookie/Middleware/AddQueuedCookiesToResponse.php(37): Illuminate\\Pipeline\\Pipeline->Illuminate\\Pipeline\\{closure}()
#26 /home/grupo05sc/instituto/vendor/laravel/framework/src/Illuminate/Pipeline/Pipeline.php(183): Illuminate\\Cookie\\Middleware\\AddQueuedCookiesToResponse->handle()
#27 /home/grupo05sc/instituto/vendor/laravel/framework/src/Illuminate/Cookie/Middleware/EncryptCookies.php(75): Illuminate\\Pipeline\\Pipeline->Illuminate\\Pipeline\\{closure}()
#28 /home/grupo05sc/instituto/vendor/laravel/framework/src/Illuminate/Pipeline/Pipeline.php(183): Illuminate\\Cookie\\Middleware\\EncryptCookies->handle()
#29 /home/grupo05sc/instituto/vendor/laravel/framework/src/Illuminate/Pipeline/Pipeline.php(119): Illuminate\\Pipeline\\Pipeline->Illuminate\\Pipeline\\{closure}()
#30 /home/grupo05sc/instituto/vendor/laravel/framework/src/Illuminate/Routing/Router.php(805): Illuminate\\Pipeline\\Pipeline->then()
#31 /home/grupo05sc/instituto/vendor/laravel/framework/src/Illuminate/Routing/Router.php(784): Illuminate\\Routing\\Router->runRouteWithinStack()
#32 /home/grupo05sc/instituto/vendor/laravel/framework/src/Illuminate/Routing/Router.php(748): Illuminate\\Routing\\Router->runRoute()
#33 /home/grupo05sc/instituto/vendor/laravel/framework/src/Illuminate/Routing/Router.php(737): Illuminate\\Routing\\Router->dispatchToRoute()
#34 /home/grupo05sc/instituto/vendor/laravel/framework/src/Illuminate/Foundation/Http/Kernel.php(200): Illuminate\\Routing\\Router->dispatch()
#35 /home/grupo05sc/instituto/vendor/laravel/framework/src/Illuminate/Pipeline/Pipeline.php(144): Illuminate\\Foundation\\Http\\Kernel->Illuminate\\Foundation\\Http\\{closure}()
#36 /home/grupo05sc/instituto/vendor/laravel/framework/src/Illuminate/Foundation/Http/Middleware/TransformsRequest.php(21): Illuminate\\Pipeline\\Pipeline->Illuminate\\Pipeline\\{closure}()
#37 /home/grupo05sc/instituto/vendor/laravel/framework/src/Illuminate/Foundation/Http/Middleware/ConvertEmptyStringsToNull.php(31): Illuminate\\Foundation\\Http\\Middleware\\TransformsRequest->handle()
#38 /home/grupo05sc/instituto/vendor/laravel/framework/src/Illuminate/Pipeline/Pipeline.php(183): Illuminate\\Foundation\\Http\\Middleware\\ConvertEmptyStringsToNull->handle()
#39 /home/grupo05sc/instituto/vendor/laravel/framework/src/Illuminate/Foundation/Http/Middleware/TransformsRequest.php(21): Illuminate\\Pipeline\\Pipeline->Illuminate\\Pipeline\\{closure}()
#40 /home/grupo05sc/instituto/vendor/laravel/framework/src/Illuminate/Foundation/Http/Middleware/TrimStrings.php(51): Illuminate\\Foundation\\Http\\Middleware\\TransformsRequest->handle()
#41 /home/grupo05sc/instituto/vendor/laravel/framework/src/Illuminate/Pipeline/Pipeline.php(183): Illuminate\\Foundation\\Http\\Middleware\\TrimStrings->handle()
#42 /home/grupo05sc/instituto/vendor/laravel/framework/src/Illuminate/Http/Middleware/ValidatePostSize.php(27): Illuminate\\Pipeline\\Pipeline->Illuminate\\Pipeline\\{closure}()
#43 /home/grupo05sc/instituto/vendor/laravel/framework/src/Illuminate/Pipeline/Pipeline.php(183): Illuminate\\Http\\Middleware\\ValidatePostSize->handle()
#44 /home/grupo05sc/instituto/vendor/laravel/framework/src/Illuminate/Foundation/Http/Middleware/PreventRequestsDuringMaintenance.php(110): Illuminate\\Pipeline\\Pipeline->Illuminate\\Pipeline\\{closure}()
#45 /home/grupo05sc/instituto/vendor/laravel/framework/src/Illuminate/Pipeline/Pipeline.php(183): Illuminate\\Foundation\\Http\\Middleware\\PreventRequestsDuringMaintenance->handle()
#46 /home/grupo05sc/instituto/vendor/laravel/framework/src/Illuminate/Http/Middleware/HandleCors.php(49): Illuminate\\Pipeline\\Pipeline->Illuminate\\Pipeline\\{closure}()
#47 /home/grupo05sc/instituto/vendor/laravel/framework/src/Illuminate/Pipeline/Pipeline.php(183): Illuminate\\Http\\Middleware\\HandleCors->handle()
#48 /home/grupo05sc/instituto/vendor/laravel/framework/src/Illuminate/Http/Middleware/TrustProxies.php(57): Illuminate\\Pipeline\\Pipeline->Illuminate\\Pipeline\\{closure}()
#49 /home/grupo05sc/instituto/vendor/laravel/framework/src/Illuminate/Pipeline/Pipeline.php(183): Illuminate\\Http\\Middleware\\TrustProxies->handle()
#50 /home/grupo05sc/instituto/vendor/laravel/framework/src/Illuminate/Pipeline/Pipeline.php(119): Illuminate\\Pipeline\\Pipeline->Illuminate\\Pipeline\\{closure}()
#51 /home/grupo05sc/instituto/vendor/laravel/framework/src/Illuminate/Foundation/Http/Kernel.php(175): Illuminate\\Pipeline\\Pipeline->then()
#52 /home/grupo05sc/instituto/vendor/laravel/framework/src/Illuminate/Foundation/Http/Kernel.php(144): Illuminate\\Foundation\\Http\\Kernel->sendRequestThroughRouter()
#53 /home/grupo05sc/instituto/vendor/laravel/framework/src/Illuminate/Foundation/Application.php(1183): Illuminate\\Foundation\\Http\\Kernel->handle()
#54 /home/grupo05sc/instituto/public/index.php(17): Illuminate\\Foundation\\Application->handleRequest()
#55 {main}
"} 
[2024-06-16 04:19:26] local.ERROR: No arguments expected for "key" command, got "generate". {"exception":"[object] (Symfony\\Component\\Console\\Exception\\RuntimeException(code: 0): No arguments expected for \"key\" command, got \"generate\". at D:\\SEMESTRE_1_2024\\TECNOLOGIA_WEB\\PROYECTOS\\instituto\\vendor\\symfony\\console\\Input\\ArgvInput.php:193)
[stacktrace]
#0 D:\\SEMESTRE_1_2024\\TECNOLOGIA_WEB\\PROYECTOS\\instituto\\vendor\\symfony\\console\\Input\\ArgvInput.php(86): Symfony\\Component\\Console\\Input\\ArgvInput->parseArgument()
#1 D:\\SEMESTRE_1_2024\\TECNOLOGIA_WEB\\PROYECTOS\\instituto\\vendor\\symfony\\console\\Input\\ArgvInput.php(71): Symfony\\Component\\Console\\Input\\ArgvInput->parseToken()
#2 D:\\SEMESTRE_1_2024\\TECNOLOGIA_WEB\\PROYECTOS\\instituto\\vendor\\symfony\\console\\Input\\Input.php(53): Symfony\\Component\\Console\\Input\\ArgvInput->parse()
#3 D:\\SEMESTRE_1_2024\\TECNOLOGIA_WEB\\PROYECTOS\\instituto\\vendor\\symfony\\console\\Command\\Command.php(238): Symfony\\Component\\Console\\Input\\Input->bind()
#4 D:\\SEMESTRE_1_2024\\TECNOLOGIA_WEB\\PROYECTOS\\instituto\\vendor\\laravel\\framework\\src\\Illuminate\\Console\\Command.php(182): Symfony\\Component\\Console\\Command\\Command->run()
#5 D:\\SEMESTRE_1_2024\\TECNOLOGIA_WEB\\PROYECTOS\\instituto\\vendor\\symfony\\console\\Application.php(1047): Illuminate\\Console\\Command->run()
#6 D:\\SEMESTRE_1_2024\\TECNOLOGIA_WEB\\PROYECTOS\\instituto\\vendor\\symfony\\console\\Application.php(316): Symfony\\Component\\Console\\Application->doRunCommand()
#7 D:\\SEMESTRE_1_2024\\TECNOLOGIA_WEB\\PROYECTOS\\instituto\\vendor\\symfony\\console\\Application.php(167): Symfony\\Component\\Console\\Application->doRun()
#8 D:\\SEMESTRE_1_2024\\TECNOLOGIA_WEB\\PROYECTOS\\instituto\\vendor\\laravel\\framework\\src\\Illuminate\\Foundation\\Console\\Kernel.php(196): Symfony\\Component\\Console\\Application->run()
#9 D:\\SEMESTRE_1_2024\\TECNOLOGIA_WEB\\PROYECTOS\\instituto\\vendor\\laravel\\framework\\src\\Illuminate\\Foundation\\Application.php(1198): Illuminate\\Foundation\\Console\\Kernel->handle()
#10 D:\\SEMESTRE_1_2024\\TECNOLOGIA_WEB\\PROYECTOS\\instituto\\artisan(13): Illuminate\\Foundation\\Application->handleCommand()
#11 {main}
"} 
[2024-06-20 06:03:32] local.ERROR: There are no commands defined in the "ide-helper" namespace. {"exception":"[object] (Symfony\\Component\\Console\\Exception\\NamespaceNotFoundException(code: 0): There are no commands defined in the \"ide-helper\" namespace. at D:\\SEMESTRE_1_2024\\TECNOLOGIA_WEB\\PROYECTOS\\instituto\\vendor\\symfony\\console\\Application.php:636)
[stacktrace]
#0 D:\\SEMESTRE_1_2024\\TECNOLOGIA_WEB\\PROYECTOS\\instituto\\vendor\\symfony\\console\\Application.php(685): Symfony\\Component\\Console\\Application->findNamespace()
#1 D:\\SEMESTRE_1_2024\\TECNOLOGIA_WEB\\PROYECTOS\\instituto\\vendor\\symfony\\console\\Application.php(258): Symfony\\Component\\Console\\Application->find()
#2 D:\\SEMESTRE_1_2024\\TECNOLOGIA_WEB\\PROYECTOS\\instituto\\vendor\\symfony\\console\\Application.php(167): Symfony\\Component\\Console\\Application->doRun()
#3 D:\\SEMESTRE_1_2024\\TECNOLOGIA_WEB\\PROYECTOS\\instituto\\vendor\\laravel\\framework\\src\\Illuminate\\Foundation\\Console\\Kernel.php(196): Symfony\\Component\\Console\\Application->run()
#4 D:\\SEMESTRE_1_2024\\TECNOLOGIA_WEB\\PROYECTOS\\instituto\\vendor\\laravel\\framework\\src\\Illuminate\\Foundation\\Application.php(1198): Illuminate\\Foundation\\Console\\Kernel->handle()
#5 D:\\SEMESTRE_1_2024\\TECNOLOGIA_WEB\\PROYECTOS\\instituto\\artisan(13): Illuminate\\Foundation\\Application->handleCommand()
#6 {main}
"} 
[2024-06-20 06:03:36] local.ERROR: There are no commands defined in the "ide-helper" namespace. {"exception":"[object] (Symfony\\Component\\Console\\Exception\\NamespaceNotFoundException(code: 0): There are no commands defined in the \"ide-helper\" namespace. at D:\\SEMESTRE_1_2024\\TECNOLOGIA_WEB\\PROYECTOS\\instituto\\vendor\\symfony\\console\\Application.php:636)
[stacktrace]
#0 D:\\SEMESTRE_1_2024\\TECNOLOGIA_WEB\\PROYECTOS\\instituto\\vendor\\symfony\\console\\Application.php(685): Symfony\\Component\\Console\\Application->findNamespace()
#1 D:\\SEMESTRE_1_2024\\TECNOLOGIA_WEB\\PROYECTOS\\instituto\\vendor\\symfony\\console\\Application.php(258): Symfony\\Component\\Console\\Application->find()
#2 D:\\SEMESTRE_1_2024\\TECNOLOGIA_WEB\\PROYECTOS\\instituto\\vendor\\symfony\\console\\Application.php(167): Symfony\\Component\\Console\\Application->doRun()
#3 D:\\SEMESTRE_1_2024\\TECNOLOGIA_WEB\\PROYECTOS\\instituto\\vendor\\laravel\\framework\\src\\Illuminate\\Foundation\\Console\\Kernel.php(196): Symfony\\Component\\Console\\Application->run()
#4 D:\\SEMESTRE_1_2024\\TECNOLOGIA_WEB\\PROYECTOS\\instituto\\vendor\\laravel\\framework\\src\\Illuminate\\Foundation\\Application.php(1198): Illuminate\\Foundation\\Console\\Kernel->handle()
#5 D:\\SEMESTRE_1_2024\\TECNOLOGIA_WEB\\PROYECTOS\\instituto\\artisan(13): Illuminate\\Foundation\\Application->handleCommand()
#6 {main}
"} 
[2024-06-20 06:03:38] local.ERROR: There are no commands defined in the "ide-helper" namespace. {"exception":"[object] (Symfony\\Component\\Console\\Exception\\NamespaceNotFoundException(code: 0): There are no commands defined in the \"ide-helper\" namespace. at D:\\SEMESTRE_1_2024\\TECNOLOGIA_WEB\\PROYECTOS\\instituto\\vendor\\symfony\\console\\Application.php:636)
[stacktrace]
#0 D:\\SEMESTRE_1_2024\\TECNOLOGIA_WEB\\PROYECTOS\\instituto\\vendor\\symfony\\console\\Application.php(685): Symfony\\Component\\Console\\Application->findNamespace()
#1 D:\\SEMESTRE_1_2024\\TECNOLOGIA_WEB\\PROYECTOS\\instituto\\vendor\\symfony\\console\\Application.php(258): Symfony\\Component\\Console\\Application->find()
#2 D:\\SEMESTRE_1_2024\\TECNOLOGIA_WEB\\PROYECTOS\\instituto\\vendor\\symfony\\console\\Application.php(167): Symfony\\Component\\Console\\Application->doRun()
#3 D:\\SEMESTRE_1_2024\\TECNOLOGIA_WEB\\PROYECTOS\\instituto\\vendor\\laravel\\framework\\src\\Illuminate\\Foundation\\Console\\Kernel.php(196): Symfony\\Component\\Console\\Application->run()
#4 D:\\SEMESTRE_1_2024\\TECNOLOGIA_WEB\\PROYECTOS\\instituto\\vendor\\laravel\\framework\\src\\Illuminate\\Foundation\\Application.php(1198): Illuminate\\Foundation\\Console\\Kernel->handle()
#5 D:\\SEMESTRE_1_2024\\TECNOLOGIA_WEB\\PROYECTOS\\instituto\\artisan(13): Illuminate\\Foundation\\Application->handleCommand()
#6 {main}
"} 
[2024-06-20 06:03:40] local.ERROR: There are no commands defined in the "ide-helper" namespace. {"exception":"[object] (Symfony\\Component\\Console\\Exception\\NamespaceNotFoundException(code: 0): There are no commands defined in the \"ide-helper\" namespace. at D:\\SEMESTRE_1_2024\\TECNOLOGIA_WEB\\PROYECTOS\\instituto\\vendor\\symfony\\console\\Application.php:636)
[stacktrace]
#0 D:\\SEMESTRE_1_2024\\TECNOLOGIA_WEB\\PROYECTOS\\instituto\\vendor\\symfony\\console\\Application.php(685): Symfony\\Component\\Console\\Application->findNamespace()
#1 D:\\SEMESTRE_1_2024\\TECNOLOGIA_WEB\\PROYECTOS\\instituto\\vendor\\symfony\\console\\Application.php(258): Symfony\\Component\\Console\\Application->find()
#2 D:\\SEMESTRE_1_2024\\TECNOLOGIA_WEB\\PROYECTOS\\instituto\\vendor\\symfony\\console\\Application.php(167): Symfony\\Component\\Console\\Application->doRun()
#3 D:\\SEMESTRE_1_2024\\TECNOLOGIA_WEB\\PROYECTOS\\instituto\\vendor\\laravel\\framework\\src\\Illuminate\\Foundation\\Console\\Kernel.php(196): Symfony\\Component\\Console\\Application->run()
#4 D:\\SEMESTRE_1_2024\\TECNOLOGIA_WEB\\PROYECTOS\\instituto\\vendor\\laravel\\framework\\src\\Illuminate\\Foundation\\Application.php(1198): Illuminate\\Foundation\\Console\\Kernel->handle()
#5 D:\\SEMESTRE_1_2024\\TECNOLOGIA_WEB\\PROYECTOS\\instituto\\artisan(13): Illuminate\\Foundation\\Application->handleCommand()
#6 {main}
"} 
[2024-06-20 06:03:42] local.ERROR: There are no commands defined in the "ide-helper" namespace. {"exception":"[object] (Symfony\\Component\\Console\\Exception\\NamespaceNotFoundException(code: 0): There are no commands defined in the \"ide-helper\" namespace. at D:\\SEMESTRE_1_2024\\TECNOLOGIA_WEB\\PROYECTOS\\instituto\\vendor\\symfony\\console\\Application.php:636)
[stacktrace]
#0 D:\\SEMESTRE_1_2024\\TECNOLOGIA_WEB\\PROYECTOS\\instituto\\vendor\\symfony\\console\\Application.php(685): Symfony\\Component\\Console\\Application->findNamespace()
#1 D:\\SEMESTRE_1_2024\\TECNOLOGIA_WEB\\PROYECTOS\\instituto\\vendor\\symfony\\console\\Application.php(258): Symfony\\Component\\Console\\Application->find()
#2 D:\\SEMESTRE_1_2024\\TECNOLOGIA_WEB\\PROYECTOS\\instituto\\vendor\\symfony\\console\\Application.php(167): Symfony\\Component\\Console\\Application->doRun()
#3 D:\\SEMESTRE_1_2024\\TECNOLOGIA_WEB\\PROYECTOS\\instituto\\vendor\\laravel\\framework\\src\\Illuminate\\Foundation\\Console\\Kernel.php(196): Symfony\\Component\\Console\\Application->run()
#4 D:\\SEMESTRE_1_2024\\TECNOLOGIA_WEB\\PROYECTOS\\instituto\\vendor\\laravel\\framework\\src\\Illuminate\\Foundation\\Application.php(1198): Illuminate\\Foundation\\Console\\Kernel->handle()
#5 D:\\SEMESTRE_1_2024\\TECNOLOGIA_WEB\\PROYECTOS\\instituto\\artisan(13): Illuminate\\Foundation\\Application->handleCommand()
#6 {main}
"} 
[2024-06-20 06:03:44] local.ERROR: There are no commands defined in the "ide-helper" namespace. {"exception":"[object] (Symfony\\Component\\Console\\Exception\\NamespaceNotFoundException(code: 0): There are no commands defined in the \"ide-helper\" namespace. at D:\\SEMESTRE_1_2024\\TECNOLOGIA_WEB\\PROYECTOS\\instituto\\vendor\\symfony\\console\\Application.php:636)
[stacktrace]
#0 D:\\SEMESTRE_1_2024\\TECNOLOGIA_WEB\\PROYECTOS\\instituto\\vendor\\symfony\\console\\Application.php(685): Symfony\\Component\\Console\\Application->findNamespace()
#1 D:\\SEMESTRE_1_2024\\TECNOLOGIA_WEB\\PROYECTOS\\instituto\\vendor\\symfony\\console\\Application.php(258): Symfony\\Component\\Console\\Application->find()
#2 D:\\SEMESTRE_1_2024\\TECNOLOGIA_WEB\\PROYECTOS\\instituto\\vendor\\symfony\\console\\Application.php(167): Symfony\\Component\\Console\\Application->doRun()
#3 D:\\SEMESTRE_1_2024\\TECNOLOGIA_WEB\\PROYECTOS\\instituto\\vendor\\laravel\\framework\\src\\Illuminate\\Foundation\\Console\\Kernel.php(196): Symfony\\Component\\Console\\Application->run()
#4 D:\\SEMESTRE_1_2024\\TECNOLOGIA_WEB\\PROYECTOS\\instituto\\vendor\\laravel\\framework\\src\\Illuminate\\Foundation\\Application.php(1198): Illuminate\\Foundation\\Console\\Kernel->handle()
#5 D:\\SEMESTRE_1_2024\\TECNOLOGIA_WEB\\PROYECTOS\\instituto\\artisan(13): Illuminate\\Foundation\\Application->handleCommand()
#6 {main}
"} 
[2024-06-20 06:03:45] local.ERROR: There are no commands defined in the "ide-helper" namespace. {"exception":"[object] (Symfony\\Component\\Console\\Exception\\NamespaceNotFoundException(code: 0): There are no commands defined in the \"ide-helper\" namespace. at D:\\SEMESTRE_1_2024\\TECNOLOGIA_WEB\\PROYECTOS\\instituto\\vendor\\symfony\\console\\Application.php:636)
[stacktrace]
#0 D:\\SEMESTRE_1_2024\\TECNOLOGIA_WEB\\PROYECTOS\\instituto\\vendor\\symfony\\console\\Application.php(685): Symfony\\Component\\Console\\Application->findNamespace()
#1 D:\\SEMESTRE_1_2024\\TECNOLOGIA_WEB\\PROYECTOS\\instituto\\vendor\\symfony\\console\\Application.php(258): Symfony\\Component\\Console\\Application->find()
#2 D:\\SEMESTRE_1_2024\\TECNOLOGIA_WEB\\PROYECTOS\\instituto\\vendor\\symfony\\console\\Application.php(167): Symfony\\Component\\Console\\Application->doRun()
#3 D:\\SEMESTRE_1_2024\\TECNOLOGIA_WEB\\PROYECTOS\\instituto\\vendor\\laravel\\framework\\src\\Illuminate\\Foundation\\Console\\Kernel.php(196): Symfony\\Component\\Console\\Application->run()
#4 D:\\SEMESTRE_1_2024\\TECNOLOGIA_WEB\\PROYECTOS\\instituto\\vendor\\laravel\\framework\\src\\Illuminate\\Foundation\\Application.php(1198): Illuminate\\Foundation\\Console\\Kernel->handle()
#5 D:\\SEMESTRE_1_2024\\TECNOLOGIA_WEB\\PROYECTOS\\instituto\\artisan(13): Illuminate\\Foundation\\Application->handleCommand()
#6 {main}
"} 
[2024-06-20 06:03:47] local.ERROR: There are no commands defined in the "ide-helper" namespace. {"exception":"[object] (Symfony\\Component\\Console\\Exception\\NamespaceNotFoundException(code: 0): There are no commands defined in the \"ide-helper\" namespace. at D:\\SEMESTRE_1_2024\\TECNOLOGIA_WEB\\PROYECTOS\\instituto\\vendor\\symfony\\console\\Application.php:636)
[stacktrace]
#0 D:\\SEMESTRE_1_2024\\TECNOLOGIA_WEB\\PROYECTOS\\instituto\\vendor\\symfony\\console\\Application.php(685): Symfony\\Component\\Console\\Application->findNamespace()
#1 D:\\SEMESTRE_1_2024\\TECNOLOGIA_WEB\\PROYECTOS\\instituto\\vendor\\symfony\\console\\Application.php(258): Symfony\\Component\\Console\\Application->find()
#2 D:\\SEMESTRE_1_2024\\TECNOLOGIA_WEB\\PROYECTOS\\instituto\\vendor\\symfony\\console\\Application.php(167): Symfony\\Component\\Console\\Application->doRun()
#3 D:\\SEMESTRE_1_2024\\TECNOLOGIA_WEB\\PROYECTOS\\instituto\\vendor\\laravel\\framework\\src\\Illuminate\\Foundation\\Console\\Kernel.php(196): Symfony\\Component\\Console\\Application->run()
#4 D:\\SEMESTRE_1_2024\\TECNOLOGIA_WEB\\PROYECTOS\\instituto\\vendor\\laravel\\framework\\src\\Illuminate\\Foundation\\Application.php(1198): Illuminate\\Foundation\\Console\\Kernel->handle()
#5 D:\\SEMESTRE_1_2024\\TECNOLOGIA_WEB\\PROYECTOS\\instituto\\artisan(13): Illuminate\\Foundation\\Application->handleCommand()
#6 {main}
"} 
[2024-06-20 06:05:54] local.ERROR: There are no commands defined in the "ide-helper" namespace. {"exception":"[object] (Symfony\\Component\\Console\\Exception\\NamespaceNotFoundException(code: 0): There are no commands defined in the \"ide-helper\" namespace. at D:\\SEMESTRE_1_2024\\TECNOLOGIA_WEB\\PROYECTOS\\instituto\\vendor\\symfony\\console\\Application.php:636)
[stacktrace]
#0 D:\\SEMESTRE_1_2024\\TECNOLOGIA_WEB\\PROYECTOS\\instituto\\vendor\\symfony\\console\\Application.php(685): Symfony\\Component\\Console\\Application->findNamespace()
#1 D:\\SEMESTRE_1_2024\\TECNOLOGIA_WEB\\PROYECTOS\\instituto\\vendor\\symfony\\console\\Application.php(258): Symfony\\Component\\Console\\Application->find()
#2 D:\\SEMESTRE_1_2024\\TECNOLOGIA_WEB\\PROYECTOS\\instituto\\vendor\\symfony\\console\\Application.php(167): Symfony\\Component\\Console\\Application->doRun()
#3 D:\\SEMESTRE_1_2024\\TECNOLOGIA_WEB\\PROYECTOS\\instituto\\vendor\\laravel\\framework\\src\\Illuminate\\Foundation\\Console\\Kernel.php(196): Symfony\\Component\\Console\\Application->run()
#4 D:\\SEMESTRE_1_2024\\TECNOLOGIA_WEB\\PROYECTOS\\instituto\\vendor\\laravel\\framework\\src\\Illuminate\\Foundation\\Application.php(1198): Illuminate\\Foundation\\Console\\Kernel->handle()
#5 D:\\SEMESTRE_1_2024\\TECNOLOGIA_WEB\\PROYECTOS\\instituto\\artisan(13): Illuminate\\Foundation\\Application->handleCommand()
#6 {main}
"} 
[2024-06-22 18:25:37] local.ERROR: There are no commands defined in the "ide-helper" namespace. {"exception":"[object] (Symfony\\Component\\Console\\Exception\\NamespaceNotFoundException(code: 0): There are no commands defined in the \"ide-helper\" namespace. at D:\\SEMESTRE_1_2024\\TECNOLOGIA_WEB\\PROYECTOS\\instituto\\vendor\\symfony\\console\\Application.php:636)
[stacktrace]
#0 D:\\SEMESTRE_1_2024\\TECNOLOGIA_WEB\\PROYECTOS\\instituto\\vendor\\symfony\\console\\Application.php(685): Symfony\\Component\\Console\\Application->findNamespace()
#1 D:\\SEMESTRE_1_2024\\TECNOLOGIA_WEB\\PROYECTOS\\instituto\\vendor\\symfony\\console\\Application.php(258): Symfony\\Component\\Console\\Application->find()
#2 D:\\SEMESTRE_1_2024\\TECNOLOGIA_WEB\\PROYECTOS\\instituto\\vendor\\symfony\\console\\Application.php(167): Symfony\\Component\\Console\\Application->doRun()
#3 D:\\SEMESTRE_1_2024\\TECNOLOGIA_WEB\\PROYECTOS\\instituto\\vendor\\laravel\\framework\\src\\Illuminate\\Foundation\\Console\\Kernel.php(196): Symfony\\Component\\Console\\Application->run()
#4 D:\\SEMESTRE_1_2024\\TECNOLOGIA_WEB\\PROYECTOS\\instituto\\vendor\\laravel\\framework\\src\\Illuminate\\Foundation\\Application.php(1198): Illuminate\\Foundation\\Console\\Kernel->handle()
#5 D:\\SEMESTRE_1_2024\\TECNOLOGIA_WEB\\PROYECTOS\\instituto\\artisan(13): Illuminate\\Foundation\\Application->handleCommand()
#6 {main}
"} 
[2024-06-23 04:24:55] local.ERROR: There are no commands defined in the "ide-helper" namespace. {"exception":"[object] (Symfony\\Component\\Console\\Exception\\NamespaceNotFoundException(code: 0): There are no commands defined in the \"ide-helper\" namespace. at D:\\SEMESTRE_1_2024\\TECNOLOGIA_WEB\\PROYECTOS\\instituto\\vendor\\symfony\\console\\Application.php:636)
[stacktrace]
#0 D:\\SEMESTRE_1_2024\\TECNOLOGIA_WEB\\PROYECTOS\\instituto\\vendor\\symfony\\console\\Application.php(685): Symfony\\Component\\Console\\Application->findNamespace()
#1 D:\\SEMESTRE_1_2024\\TECNOLOGIA_WEB\\PROYECTOS\\instituto\\vendor\\symfony\\console\\Application.php(258): Symfony\\Component\\Console\\Application->find()
#2 D:\\SEMESTRE_1_2024\\TECNOLOGIA_WEB\\PROYECTOS\\instituto\\vendor\\symfony\\console\\Application.php(167): Symfony\\Component\\Console\\Application->doRun()
#3 D:\\SEMESTRE_1_2024\\TECNOLOGIA_WEB\\PROYECTOS\\instituto\\vendor\\laravel\\framework\\src\\Illuminate\\Foundation\\Console\\Kernel.php(196): Symfony\\Component\\Console\\Application->run()
#4 D:\\SEMESTRE_1_2024\\TECNOLOGIA_WEB\\PROYECTOS\\instituto\\vendor\\laravel\\framework\\src\\Illuminate\\Foundation\\Application.php(1198): Illuminate\\Foundation\\Console\\Kernel->handle()
#5 D:\\SEMESTRE_1_2024\\TECNOLOGIA_WEB\\PROYECTOS\\instituto\\artisan(13): Illuminate\\Foundation\\Application->handleCommand()
#6 {main}
"} 
[2024-06-27 12:10:18] local.ERROR: Command "make:" is ambiguous.
Did you mean one of these?
    make:cache-table         Create a migration for the cache database table
    make:cast                Create a new custom Eloquent cast class
    make:channel             Create a new channel class
    make:class               Create a new class
    make:component           Create a new view component class
    make:command             Create a new Artisan command
    make:controller          Create a new controller class
    make:enum                Create a new enum
    make:event               Create a new event class
    make:exception           Create a new custom exception class
    make:factory             Create a new model factory
    make:interface           Create a new interface
    make:job                 Create a new job class
    make:listener            Create a new event listener class
    make:mail                Create a new email class
    make:middleware          Create a new middleware class
    make:model               Create a new Eloquent model class
    make:notification        Create a new notification class
    make:notifications-table Create a migration for the notifications table
    make:observer            Create a new observer class
    make:policy              Create a new policy class
    make:provider            Create a new service provider class
    make:queue-failed-table  Create a migration for the failed queue jobs database table
    make:queue-table         Create a migration for the queue jobs database table
    make:queue-batches-table Create a migration for the batches database table
    make:request             Create a new form request class
    make:resource            Create a new resource
    make:rule                Create a new validation rule
    make:scope               Create a new scope class
    make:seeder              Create a new seeder class
    make:session-table       Create a migration for the session database table
    make:test                Create a new test class
    make:trait               Create a new trait
    make:view                Create a new view
    make:migration           Create a new migration file. {"exception":"[object] (Symfony\\Component\\Console\\Exception\\CommandNotFoundException(code: 0): Command \"make:\" is ambiguous.
Did you mean one of these?
    make:cache-table         Create a migration for the cache database table
    make:cast                Create a new custom Eloquent cast class
    make:channel             Create a new channel class
    make:class               Create a new class
    make:component           Create a new view component class
    make:command             Create a new Artisan command
    make:controller          Create a new controller class
    make:enum                Create a new enum
    make:event               Create a new event class
    make:exception           Create a new custom exception class
    make:factory             Create a new model factory
    make:interface           Create a new interface
    make:job                 Create a new job class
    make:listener            Create a new event listener class
    make:mail                Create a new email class
    make:middleware          Create a new middleware class
    make:model               Create a new Eloquent model class
    make:notification        Create a new notification class
    make:notifications-table Create a migration for the notifications table
    make:observer            Create a new observer class
    make:policy              Create a new policy class
    make:provider            Create a new service provider class
    make:queue-failed-table  Create a migration for the failed queue jobs database table
    make:queue-table         Create a migration for the queue jobs database table
    make:queue-batches-table Create a migration for the batches database table
    make:request             Create a new form request class
    make:resource            Create a new resource
    make:rule                Create a new validation rule
    make:scope               Create a new scope class
    make:seeder              Create a new seeder class
    make:session-table       Create a migration for the session database table
    make:test                Create a new test class
    make:trait               Create a new trait
    make:view                Create a new view
    make:migration           Create a new migration file. at D:\\SEMESTRE_1_2024\\TECNOLOGIA_WEB\\PROYECTOS\\instituto\\vendor\\symfony\\console\\Application.php:743)
[stacktrace]
#0 D:\\SEMESTRE_1_2024\\TECNOLOGIA_WEB\\PROYECTOS\\instituto\\vendor\\symfony\\console\\Application.php(258): Symfony\\Component\\Console\\Application->find()
#1 D:\\SEMESTRE_1_2024\\TECNOLOGIA_WEB\\PROYECTOS\\instituto\\vendor\\symfony\\console\\Application.php(167): Symfony\\Component\\Console\\Application->doRun()
#2 D:\\SEMESTRE_1_2024\\TECNOLOGIA_WEB\\PROYECTOS\\instituto\\vendor\\laravel\\framework\\src\\Illuminate\\Foundation\\Console\\Kernel.php(196): Symfony\\Component\\Console\\Application->run()
#3 D:\\SEMESTRE_1_2024\\TECNOLOGIA_WEB\\PROYECTOS\\instituto\\vendor\\laravel\\framework\\src\\Illuminate\\Foundation\\Application.php(1198): Illuminate\\Foundation\\Console\\Kernel->handle()
#4 D:\\SEMESTRE_1_2024\\TECNOLOGIA_WEB\\PROYECTOS\\instituto\\artisan(13): Illuminate\\Foundation\\Application->handleCommand()
#5 {main}
"} 
[2024-06-27 12:10:52] local.ERROR: Command "make:models" is not defined.

Did you mean one of these?
    make:cache-table
    make:cast
    make:channel
    make:class
    make:command
    make:component
    make:controller
    make:enum
    make:event
    make:exception
    make:factory
    make:interface
    make:job
    make:listener
    make:mail
    make:middleware
    make:migration
    make:model
    make:notification
    make:notifications-table
    make:observer
    make:policy
    make:provider
    make:queue-batches-table
    make:queue-failed-table
    make:queue-table
    make:request
    make:resource
    make:rule
    make:scope
    make:seeder
    make:session-table
    make:test
    make:trait
    make:view {"exception":"[object] (Symfony\\Component\\Console\\Exception\\CommandNotFoundException(code: 0): Command \"make:models\" is not defined.

Did you mean one of these?
    make:cache-table
    make:cast
    make:channel
    make:class
    make:command
    make:component
    make:controller
    make:enum
    make:event
    make:exception
    make:factory
    make:interface
    make:job
    make:listener
    make:mail
    make:middleware
    make:migration
    make:model
    make:notification
    make:notifications-table
    make:observer
    make:policy
    make:provider
    make:queue-batches-table
    make:queue-failed-table
    make:queue-table
    make:request
    make:resource
    make:rule
    make:scope
    make:seeder
    make:session-table
    make:test
    make:trait
    make:view at D:\\SEMESTRE_1_2024\\TECNOLOGIA_WEB\\PROYECTOS\\instituto\\vendor\\symfony\\console\\Application.php:702)
[stacktrace]
#0 D:\\SEMESTRE_1_2024\\TECNOLOGIA_WEB\\PROYECTOS\\instituto\\vendor\\symfony\\console\\Application.php(258): Symfony\\Component\\Console\\Application->find()
#1 D:\\SEMESTRE_1_2024\\TECNOLOGIA_WEB\\PROYECTOS\\instituto\\vendor\\symfony\\console\\Application.php(167): Symfony\\Component\\Console\\Application->doRun()
#2 D:\\SEMESTRE_1_2024\\TECNOLOGIA_WEB\\PROYECTOS\\instituto\\vendor\\laravel\\framework\\src\\Illuminate\\Foundation\\Console\\Kernel.php(196): Symfony\\Component\\Console\\Application->run()
#3 D:\\SEMESTRE_1_2024\\TECNOLOGIA_WEB\\PROYECTOS\\instituto\\vendor\\laravel\\framework\\src\\Illuminate\\Foundation\\Application.php(1198): Illuminate\\Foundation\\Console\\Kernel->handle()
#4 D:\\SEMESTRE_1_2024\\TECNOLOGIA_WEB\\PROYECTOS\\instituto\\artisan(13): Illuminate\\Foundation\\Application->handleCommand()
#5 {main}
"} 
